# JRE version: OpenJDK Runtime Environment (8.0_181-b13) (build 1.8.0_181-8u181-b13-1ubuntu0.16.04.1-b13)
# Java VM: OpenJDK 64-Bit Server VM (25.181-b13 mixed mode linux-amd64 compressed oops)
Heap:
 garbage-first heap   total 416768K, used 214971K [0x00000000c0000000, 0x00000000c0100cb8, 0x0000000100000000)
  region size 1024K, 57 young (58368K), 9 survivors (9216K)
 Metaspace       used 167630K, capacity 184996K, committed 185276K, reserved 1208320K
  class space    used 21015K, capacity 26380K, committed 26392K, reserved 1048576K
GC Heap History (10 events):
Event: 4793,203 GC heap before
{Heap before GC invocations=148 (full 5):
 garbage-first heap   total 416768K, used 364725K [0x00000000c0000000, 0x00000000c0100cb8, 0x0000000100000000)
  region size 1024K, 204 young (208896K), 8 survivors (8192K)
 Metaspace       used 165687K, capacity 182702K, committed 183100K, reserved 1206272K
  class space    used 20780K, capacity 26134K, committed 26264K, reserved 1048576K
Event: 4793,298 GC heap after
Heap after GC invocations=149 (full 5):
 garbage-first heap   total 416768K, used 164021K [0x00000000c0000000, 0x00000000c0100cb8, 0x0000000100000000)
  region size 1024K, 8 young (8192K), 8 survivors (8192K)
 Metaspace       used 165687K, capacity 182702K, committed 183100K, reserved 1206272K
  class space    used 20780K, capacity 26134K, committed 26264K, reserved 1048576K
}
Event: 4826,719 GC heap before
{Heap before GC invocations=149 (full 5):
 garbage-first heap   total 416768K, used 364725K [0x00000000c0000000, 0x00000000c0100cb8, 0x0000000100000000)
  region size 1024K, 204 young (208896K), 8 survivors (8192K)
 Metaspace       used 165694K, capacity 182702K, committed 183100K, reserved 1206272K
  class space    used 20780K, capacity 26134K, committed 26264K, reserved 1048576K
Event: 4826,820 GC heap after
Heap after GC invocations=150 (full 5):
 garbage-first heap   total 416768K, used 164021K [0x00000000c0000000, 0x00000000c0100cb8, 0x0000000100000000)
  region size 1024K, 8 young (8192K), 8 survivors (8192K)
 Metaspace       used 165694K, capacity 182702K, committed 183100K, reserved 1206272K
  class space    used 20780K, capacity 26134K, committed 26264K, reserved 1048576K
}
Event: 4881,316 GC heap before
{Heap before GC invocations=150 (full 5):
 garbage-first heap   total 416768K, used 364725K [0x00000000c0000000, 0x00000000c0100cb8, 0x0000000100000000)
  region size 1024K, 204 young (208896K), 8 survivors (8192K)
 Metaspace       used 166704K, capacity 183734K, committed 183996K, reserved 1206272K
  class space    used 20921K, capacity 26264K, committed 26392K, reserved 1048576K
Event: 4881,411 GC heap after
Heap after GC invocations=151 (full 5):
 garbage-first heap   total 416768K, used 168153K [0x00000000c0000000, 0x00000000c0100cb8, 0x0000000100000000)
  region size 1024K, 12 young (12288K), 12 survivors (12288K)
 Metaspace       used 166704K, capacity 183734K, committed 183996K, reserved 1206272K
  class space    used 20921K, capacity 26264K, committed 26392K, reserved 1048576K
}
Event: 5964,039 GC heap before
{Heap before GC invocations=151 (full 5):
 garbage-first heap   total 416768K, used 361946K [0x00000000c0000000, 0x00000000c0100cb8, 0x0000000100000000)
  region size 1024K, 200 young (204800K), 12 survivors (12288K)
 Metaspace       used 166833K, capacity 183798K, committed 184252K, reserved 1208320K
  class space    used 20921K, capacity 26264K, committed 26392K, reserved 1048576K
Event: 5964,278 GC heap after
Heap after GC invocations=152 (full 5):
 garbage-first heap   total 416768K, used 165919K [0x00000000c0000000, 0x00000000c0100cb8, 0x0000000100000000)
  region size 1024K, 10 young (10240K), 10 survivors (10240K)
 Metaspace       used 166833K, capacity 183798K, committed 184252K, reserved 1208320K
  class space    used 20921K, capacity 26264K, committed 26392K, reserved 1048576K
}
Event: 6396,598 GC heap before
{Heap before GC invocations=152 (full 5):
 garbage-first heap   total 416768K, used 325663K [0x00000000c0000000, 0x00000000c0100cb8, 0x0000000100000000)
  region size 1024K, 166 young (169984K), 10 survivors (10240K)
 Metaspace       used 166963K, capacity 184072K, committed 184508K, reserved 1208320K
  class space    used 20936K, capacity 26267K, committed 26392K, reserved 1048576K
Event: 6396,714 GC heap after
Heap after GC invocations=153 (full 5):
 garbage-first heap   total 416768K, used 164895K [0x00000000c0000000, 0x00000000c0100cb8, 0x0000000100000000)
  region size 1024K, 9 young (9216K), 9 survivors (9216K)
 Metaspace       used 166963K, capacity 184072K, committed 184508K, reserved 1208320K
  class space    used 20936K, capacity 26267K, committed 26392K, reserved 1048576K
}

