# JRE version: OpenJDK Runtime Environment (8.0_181-b13) (build 1.8.0_181-8u181-b13-1ubuntu0.16.04.1-b13)
# Java VM: OpenJDK 64-Bit Server VM (25.181-b13 mixed mode linux-amd64 compressed oops)
Heap:
 def new generation   total 113472K, used 102936K [0x00000006e9000000, 0x00000006f0b20000, 0x0000000730aa0000)
  eden space 100864K,  95% used [0x00000006e9000000, 0x00000006eee37d98, 0x00000006ef280000)
  from space 12608K,  51% used [0x00000006efed0000, 0x00000006f051e350, 0x00000006f0b20000)
  to   space 12608K,   0% used [0x00000006ef280000, 0x00000006ef280000, 0x00000006efed0000)
 tenured generation   total 251892K, used 235215K [0x0000000730aa0000, 0x000000074009d000, 0x00000007c0000000)
   the space 251892K,  93% used [0x0000000730aa0000, 0x000000073f053f30, 0x000000073f054000, 0x000000074009d000)
 Metaspace       used 112294K, capacity 126424K, committed 126612K, reserved 1157120K
  class space    used 14620K, capacity 19331K, committed 19348K, reserved 1048576K
GC Heap History (10 events):
Event: 1667,650 GC heap before
{Heap before GC invocations=53 (full 6):
 def new generation   total 113472K, used 113472K [0x00000006e9000000, 0x00000006f0b20000, 0x0000000730aa0000)
  eden space 100864K, 100% used [0x00000006e9000000, 0x00000006ef280000, 0x00000006ef280000)
  from space 12608K, 100% used [0x00000006ef280000, 0x00000006efed0000, 0x00000006efed0000)
  to   space 12608K,   0% used [0x00000006efed0000, 0x00000006efed0000, 0x00000006f0b20000)
 tenured generation   total 251892K, used 220703K [0x0000000730aa0000, 0x000000074009d000, 0x00000007c0000000)
   the space 251892K,  87% used [0x0000000730aa0000, 0x000000073e227cf0, 0x000000073e227e00, 0x000000074009d000)
 Metaspace       used 110601K, capacity 124650K, committed 124948K, reserved 1155072K
  class space    used 14485K, capacity 19150K, committed 19220K, reserved 1048576K
Event: 1667,768 GC heap after
Heap after GC invocations=54 (full 6):
 def new generation   total 113472K, used 12607K [0x00000006e9000000, 0x00000006f0b20000, 0x0000000730aa0000)
  eden space 100864K,   0% used [0x00000006e9000000, 0x00000006e9000000, 0x00000006ef280000)
  from space 12608K,  99% used [0x00000006efed0000, 0x00000006f0b1fff8, 0x00000006f0b20000)
  to   space 12608K,   0% used [0x00000006ef280000, 0x00000006ef280000, 0x00000006efed0000)
 tenured generation   total 251892K, used 231994K [0x0000000730aa0000, 0x000000074009d000, 0x00000007c0000000)
   the space 251892K,  92% used [0x0000000730aa0000, 0x000000073ed2eaf0, 0x000000073ed2ec00, 0x000000074009d000)
 Metaspace       used 110601K, capacity 124650K, committed 124948K, reserved 1155072K
  class space    used 14485K, capacity 19150K, committed 19220K, reserved 1048576K
}
Event: 1671,433 GC heap before
{Heap before GC invocations=54 (full 6):
 def new generation   total 113472K, used 113471K [0x00000006e9000000, 0x00000006f0b20000, 0x0000000730aa0000)
  eden space 100864K, 100% used [0x00000006e9000000, 0x00000006ef280000, 0x00000006ef280000)
  from space 12608K,  99% used [0x00000006efed0000, 0x00000006f0b1fff8, 0x00000006f0b20000)
  to   space 12608K,   0% used [0x00000006ef280000, 0x00000006ef280000, 0x00000006efed0000)
 tenured generation   total 251892K, used 231994K [0x0000000730aa0000, 0x000000074009d000, 0x00000007c0000000)
   the space 251892K,  92% used [0x0000000730aa0000, 0x000000073ed2eaf0, 0x000000073ed2ec00, 0x000000074009d000)
 Metaspace       used 110884K, capacity 124938K, committed 125204K, reserved 1155072K
  class space    used 14489K, capacity 19182K, committed 19220K, reserved 1048576K
Event: 1671,458 GC heap after
Heap after GC invocations=55 (full 6):
 def new generation   total 113472K, used 7514K [0x00000006e9000000, 0x00000006f0b20000, 0x0000000730aa0000)
  eden space 100864K,   0% used [0x00000006e9000000, 0x00000006e9000000, 0x00000006ef280000)
  from space 12608K,  59% used [0x00000006ef280000, 0x00000006ef9d6a08, 0x00000006efed0000)
  to   space 12608K,   0% used [0x00000006efed0000, 0x00000006efed0000, 0x00000006f0b20000)
 tenured generation   total 251892K, used 233897K [0x0000000730aa0000, 0x000000074009d000, 0x00000007c0000000)
   the space 251892K,  92% used [0x0000000730aa0000, 0x000000073ef0a618, 0x000000073ef0a800, 0x000000074009d000)
 Metaspace       used 110884K, capacity 124938K, committed 125204K, reserved 1155072K
  class space    used 14489K, capacity 19182K, committed 19220K, reserved 1048576K
}
Event: 1674,097 GC heap before
{Heap before GC invocations=55 (full 6):
 def new generation   total 113472K, used 108378K [0x00000006e9000000, 0x00000006f0b20000, 0x0000000730aa0000)
  eden space 100864K, 100% used [0x00000006e9000000, 0x00000006ef280000, 0x00000006ef280000)
  from space 12608K,  59% used [0x00000006ef280000, 0x00000006ef9d6a08, 0x00000006efed0000)
  to   space 12608K,   0% used [0x00000006efed0000, 0x00000006efed0000, 0x00000006f0b20000)
 tenured generation   total 251892K, used 233897K [0x0000000730aa0000, 0x000000074009d000, 0x00000007c0000000)
   the space 251892K,  92% used [0x0000000730aa0000, 0x000000073ef0a618, 0x000000073ef0a800, 0x000000074009d000)
 Metaspace       used 110954K, capacity 125002K, committed 125204K, reserved 1155072K
  class space    used 14489K, capacity 19182K, committed 19220K, reserved 1048576K
Event: 1674,128 GC heap after
Heap after GC invocations=56 (full 6):
 def new generation   total 113472K, used 6958K [0x00000006e9000000, 0x00000006f0b20000, 0x0000000730aa0000)
  eden space 100864K,   0% used [0x00000006e9000000, 0x00000006e9000000, 0x00000006ef280000)
  from space 12608K,  55% used [0x00000006efed0000, 0x00000006f059b8c8, 0x00000006f0b20000)
  to   space 12608K,   0% used [0x00000006ef280000, 0x00000006ef280000, 0x00000006efed0000)
 tenured generation   total 251892K, used 234664K [0x0000000730aa0000, 0x000000074009d000, 0x00000007c0000000)
   the space 251892K,  93% used [0x0000000730aa0000, 0x000000073efca078, 0x000000073efca200, 0x000000074009d000)
 Metaspace       used 110954K, capacity 125002K, committed 125204K, reserved 1155072K
  class space    used 14489K, capacity 19182K, committed 19220K, reserved 1048576K
}
Event: 1676,292 GC heap before
{Heap before GC invocations=56 (full 6):
 def new generation   total 113472K, used 107822K [0x00000006e9000000, 0x00000006f0b20000, 0x0000000730aa0000)
  eden space 100864K, 100% used [0x00000006e9000000, 0x00000006ef280000, 0x00000006ef280000)
  from space 12608K,  55% used [0x00000006efed0000, 0x00000006f059b8c8, 0x00000006f0b20000)
  to   space 12608K,   0% used [0x00000006ef280000, 0x00000006ef280000, 0x00000006efed0000)
 tenured generation   total 251892K, used 234664K [0x0000000730aa0000, 0x000000074009d000, 0x00000007c0000000)
   the space 251892K,  93% used [0x0000000730aa0000, 0x000000073efca078, 0x000000073efca200, 0x000000074009d000)
 Metaspace       used 110989K, capacity 125130K, committed 125460K, reserved 1155072K
  class space    used 14490K, capacity 19182K, committed 19220K, reserved 1048576K
Event: 1676,353 GC heap after
Heap after GC invocations=57 (full 6):
 def new generation   total 113472K, used 4692K [0x00000006e9000000, 0x00000006f0b20000, 0x0000000730aa0000)
  eden space 100864K,   0% used [0x00000006e9000000, 0x00000006e9000000, 0x00000006ef280000)
  from space 12608K,  37% used [0x00000006ef280000, 0x00000006ef7152b8, 0x00000006efed0000)
  to   space 12608K,   0% used [0x00000006efed0000, 0x00000006efed0000, 0x00000006f0b20000)
 tenured generation   total 251892K, used 235215K [0x0000000730aa0000, 0x000000074009d000, 0x00000007c0000000)
   the space 251892K,  93% used [0x0000000730aa0000, 0x000000073f053f30, 0x000000073f054000, 0x000000074009d000)
 Metaspace       used 110989K, capacity 125130K, committed 125460K, reserved 1155072K
  class space    used 14490K, capacity 19182K, committed 19220K, reserved 1048576K
}
Event: 1680,258 GC heap before
{Heap before GC invocations=57 (full 6):
 def new generation   total 113472K, used 105556K [0x00000006e9000000, 0x00000006f0b20000, 0x0000000730aa0000)
  eden space 100864K, 100% used [0x00000006e9000000, 0x00000006ef280000, 0x00000006ef280000)
  from space 12608K,  37% used [0x00000006ef280000, 0x00000006ef7152b8, 0x00000006efed0000)
  to   space 12608K,   0% used [0x00000006efed0000, 0x00000006efed0000, 0x00000006f0b20000)
 tenured generation   total 251892K, used 235215K [0x0000000730aa0000, 0x000000074009d000, 0x00000007c0000000)
   the space 251892K,  93% used [0x0000000730aa0000, 0x000000073f053f30, 0x000000073f054000, 0x000000074009d000)
 Metaspace       used 111075K, capacity 125194K, committed 125460K, reserved 1155072K
  class space    used 14496K, capacity 19182K, committed 19220K, reserved 1048576K
Event: 1680,329 GC heap after
Heap after GC invocations=58 (full 6):
 def new generation   total 113472K, used 6456K [0x00000006e9000000, 0x00000006f0b20000, 0x0000000730aa0000)
  eden space 100864K,   0% used [0x00000006e9000000, 0x00000006e9000000, 0x00000006ef280000)
  from space 12608K,  51% used [0x00000006efed0000, 0x00000006f051e350, 0x00000006f0b20000)
  to   space 12608K,   0% used [0x00000006ef280000, 0x00000006ef280000, 0x00000006efed0000)
 tenured generation   total 251892K, used 235215K [0x0000000730aa0000, 0x000000074009d000, 0x00000007c0000000)
   the space 251892K,  93% used [0x0000000730aa0000, 0x000000073f053f30, 0x000000073f054000, 0x000000074009d000)
 Metaspace       used 111075K, capacity 125194K, committed 125460K, reserved 1155072K
  class space    used 14496K, capacity 19182K, committed 19220K, reserved 1048576K
}

