# JRE version: OpenJDK Runtime Environment (8.0_181-b13) (build 1.8.0_181-8u181-b13-1ubuntu0.18.04.1-b13)
# Java VM: OpenJDK 64-Bit Server VM (25.181-b13 mixed mode linux-amd64 compressed oops)
Heap:
 garbage-first heap   total 545792K, used 361892K [0x00000000c0000000, 0x00000000c01010a8, 0x0000000100000000)
  region size 1024K, 123 young (125952K), 11 survivors (11264K)
 Metaspace       used 192580K, capacity 215362K, committed 215628K, reserved 1232896K
  class space    used 24343K, capacity 31460K, committed 31564K, reserved 1048576K
GC Heap History (10 events):
Event: 2457.941 GC heap before
{Heap before GC invocations=143 (full 0):
 garbage-first heap   total 545792K, used 479496K [0x00000000c0000000, 0x00000000c01010a8, 0x0000000100000000)
  region size 1024K, 238 young (243712K), 6 survivors (6144K)
 Metaspace       used 191006K, capacity 213520K, committed 213708K, reserved 1230848K
  class space    used 24208K, capacity 31329K, committed 31436K, reserved 1048576K
Event: 2457.959 GC heap after
Heap after GC invocations=144 (full 0):
 garbage-first heap   total 545792K, used 243976K [0x00000000c0000000, 0x00000000c01010a8, 0x0000000100000000)
  region size 1024K, 8 young (8192K), 8 survivors (8192K)
 Metaspace       used 191006K, capacity 213520K, committed 213708K, reserved 1230848K
  class space    used 24208K, capacity 31329K, committed 31436K, reserved 1048576K
}
Event: 2528.815 GC heap before
{Heap before GC invocations=144 (full 0):
 garbage-first heap   total 545792K, used 478727K [0x00000000c0000000, 0x00000000c01010a8, 0x0000000100000000)
  region size 1024K, 236 young (241664K), 8 survivors (8192K)
 Metaspace       used 191127K, capacity 213712K, committed 213964K, reserved 1232896K
  class space    used 24208K, capacity 31329K, committed 31436K, reserved 1048576K
Event: 2528.829 GC heap after
Heap after GC invocations=145 (full 0):
 garbage-first heap   total 545792K, used 241672K [0x00000000c0000000, 0x00000000c01010a8, 0x0000000100000000)
  region size 1024K, 7 young (7168K), 7 survivors (7168K)
 Metaspace       used 191127K, capacity 213712K, committed 213964K, reserved 1232896K
  class space    used 24208K, capacity 31329K, committed 31436K, reserved 1048576K
}
Event: 2710.570 GC heap before
{Heap before GC invocations=145 (full 0):
 garbage-first heap   total 545792K, used 479496K [0x00000000c0000000, 0x00000000c01010a8, 0x0000000100000000)
  region size 1024K, 238 young (243712K), 7 survivors (7168K)
 Metaspace       used 191439K, capacity 213974K, committed 214220K, reserved 1232896K
  class space    used 24234K, capacity 31330K, committed 31436K, reserved 1048576K
Event: 2710.598 GC heap after
Heap after GC invocations=146 (full 0):
 garbage-first heap   total 545792K, used 245256K [0x00000000c0000000, 0x00000000c01010a8, 0x0000000100000000)
  region size 1024K, 10 young (10240K), 10 survivors (10240K)
 Metaspace       used 191439K, capacity 213974K, committed 214220K, reserved 1232896K
  class space    used 24234K, capacity 31330K, committed 31436K, reserved 1048576K
}
Event: 2776.156 GC heap before
{Heap before GC invocations=146 (full 0):
 garbage-first heap   total 545792K, used 480008K [0x00000000c0000000, 0x00000000c01010a8, 0x0000000100000000)
  region size 1024K, 238 young (243712K), 10 survivors (10240K)
 Metaspace       used 191533K, capacity 214102K, committed 214220K, reserved 1232896K
  class space    used 24235K, capacity 31330K, committed 31436K, reserved 1048576K
Event: 2776.173 GC heap after
Heap after GC invocations=147 (full 0):
 garbage-first heap   total 545792K, used 246792K [0x00000000c0000000, 0x00000000c01010a8, 0x0000000100000000)
  region size 1024K, 12 young (12288K), 12 survivors (12288K)
 Metaspace       used 191533K, capacity 214102K, committed 214220K, reserved 1232896K
  class space    used 24235K, capacity 31330K, committed 31436K, reserved 1048576K
}
Event: 2861.769 GC heap before
{Heap before GC invocations=147 (full 0):
 garbage-first heap   total 545792K, used 480007K [0x00000000c0000000, 0x00000000c01010a8, 0x0000000100000000)
  region size 1024K, 236 young (241664K), 12 survivors (12288K)
 Metaspace       used 191659K, capacity 214294K, committed 214476K, reserved 1232896K
  class space    used 24235K, capacity 31330K, committed 31436K, reserved 1048576K
Event: 2861.790 GC heap after
Heap after GC invocations=148 (full 0):
 garbage-first heap   total 545792K, used 246280K [0x00000000c0000000, 0x00000000c01010a8, 0x0000000100000000)
  region size 1024K, 11 young (11264K), 11 survivors (11264K)
 Metaspace       used 191659K, capacity 214294K, committed 214476K, reserved 1232896K
  class space    used 24235K, capacity 31330K, committed 31436K, reserved 1048576K
}

