# JRE version: OpenJDK Runtime Environment (8.0_181-b13) (build 1.8.0_181-8u181-b13-1ubuntu0.18.04.1-b13)
# Java VM: OpenJDK 64-Bit Server VM (25.181-b13 mixed mode linux-amd64 compressed oops)
Heap:
 garbage-first heap   total 545792K, used 109673K [0x00000000c0000000, 0x00000000c01010a8, 0x0000000100000000)
  region size 1024K, 13 young (13312K), 8 survivors (8192K)
 Metaspace       used 87744K, capacity 98536K, committed 98676K, reserved 1134592K
  class space    used 10706K, capacity 13642K, committed 13712K, reserved 1048576K
GC Heap History (10 events):
Event: 32.253 GC heap before
{Heap before GC invocations=33 (full 0):
 garbage-first heap   total 262144K, used 191136K [0x00000000c0000000, 0x00000000c0100800, 0x0000000100000000)
  region size 1024K, 55 young (56320K), 11 survivors (11264K)
 Metaspace       used 84249K, capacity 94948K, committed 94964K, reserved 1130496K
  class space    used 10286K, capacity 13314K, committed 13328K, reserved 1048576K
Event: 32.596 GC heap after
Heap after GC invocations=34 (full 1):
 garbage-first heap   total 262144K, used 107314K [0x00000000c0000000, 0x00000000c0100800, 0x0000000100000000)
  region size 1024K, 0 young (0K), 0 survivors (0K)
 Metaspace       used 84249K, capacity 94948K, committed 94964K, reserved 1130496K
  class space    used 10286K, capacity 13314K, committed 13328K, reserved 1048576K
}
Event: 33.321 GC heap before
{Heap before GC invocations=34 (full 1):
 garbage-first heap   total 262144K, used 223026K [0x00000000c0000000, 0x00000000c0100800, 0x0000000100000000)
  region size 1024K, 113 young (115712K), 0 survivors (0K)
 Metaspace       used 84674K, capacity 95312K, committed 95604K, reserved 1132544K
  class space    used 10342K, capacity 13350K, committed 13456K, reserved 1048576K
Event: 33.337 GC heap after
Heap after GC invocations=35 (full 1):
 garbage-first heap   total 262144K, used 127970K [0x00000000c0000000, 0x00000000c0100800, 0x0000000100000000)
  region size 1024K, 15 young (15360K), 15 survivors (15360K)
 Metaspace       used 84674K, capacity 95312K, committed 95604K, reserved 1132544K
  class space    used 10342K, capacity 13350K, committed 13456K, reserved 1048576K
}
Event: 33.480 GC heap before
{Heap before GC invocations=35 (full 1):
 garbage-first heap   total 262144K, used 134114K [0x00000000c0000000, 0x00000000c0100800, 0x0000000100000000)
  region size 1024K, 22 young (22528K), 15 survivors (15360K)
 Metaspace       used 84686K, capacity 95376K, committed 95604K, reserved 1132544K
  class space    used 10342K, capacity 13350K, committed 13456K, reserved 1048576K
Event: 33.781 GC heap after
Heap after GC invocations=36 (full 2):
 garbage-first heap   total 262144K, used 97897K [0x00000000c0000000, 0x00000000c0100800, 0x0000000100000000)
  region size 1024K, 0 young (0K), 0 survivors (0K)
 Metaspace       used 84686K, capacity 95376K, committed 95604K, reserved 1132544K
  class space    used 10342K, capacity 13350K, committed 13456K, reserved 1048576K
}
Event: 36.770 GC heap before
{Heap before GC invocations=36 (full 2):
 garbage-first heap   total 262144K, used 222825K [0x00000000c0000000, 0x00000000c0100800, 0x0000000100000000)
  region size 1024K, 122 young (124928K), 0 survivors (0K)
 Metaspace       used 84742K, capacity 95376K, committed 95604K, reserved 1132544K
  class space    used 10345K, capacity 13350K, committed 13456K, reserved 1048576K
Event: 36.789 GC heap after
Heap after GC invocations=37 (full 2):
 garbage-first heap   total 419840K, used 110185K [0x00000000c0000000, 0x00000000c0100cd0, 0x0000000100000000)
  region size 1024K, 12 young (12288K), 12 survivors (12288K)
 Metaspace       used 84742K, capacity 95376K, committed 95604K, reserved 1132544K
  class space    used 10345K, capacity 13350K, committed 13456K, reserved 1048576K
}
Event: 192.923 GC heap before
{Heap before GC invocations=37 (full 2):
 garbage-first heap   total 419840K, used 351720K [0x00000000c0000000, 0x00000000c0100cd0, 0x0000000100000000)
  region size 1024K, 246 young (251904K), 12 survivors (12288K)
 Metaspace       used 87707K, capacity 98472K, committed 98676K, reserved 1134592K
  class space    used 10701K, capacity 13642K, committed 13712K, reserved 1048576K
Event: 192.938 GC heap after
Heap after GC invocations=38 (full 2):
 garbage-first heap   total 545792K, used 105577K [0x00000000c0000000, 0x00000000c01010a8, 0x0000000100000000)
  region size 1024K, 8 young (8192K), 8 survivors (8192K)
 Metaspace       used 87707K, capacity 98472K, committed 98676K, reserved 1134592K
  class space    used 10701K, capacity 13642K, committed 13712K, reserved 1048576K
}

